Using pre-set license
Built from '2020.3/staging' branch; Version is '2020.3.3f1 (76626098c1c4) revision 7758432'; Using compiler version '192528614'; Build Type 'Release'
OS: 'Windows 10 Pro; OS build 19042.985; Version 2009; 64bit' Language: 'ru' Physical Memory: 16322 MB
BatchMode: 1, IsHumanControllingUs: 0, StartBugReporterOnCrash: 0, Is64bit: 1, IsPro: 0

 COMMAND LINE ARGUMENTS:
D:\Soft\Unity3d\2020.3.3f1\Editor\Unity.exe
-adb2
-batchMode
-noUpm
-name
AssetImportWorker0
-projectPath
D:/repository_platformer/New Unity Project
-logFile
Logs/AssetImportWorker0.log
-srvPort
59690
Successfully changed project path to: D:/repository_platformer/New Unity Project
D:/repository_platformer/New Unity Project
Using Asset Import Pipeline V2.
Refreshing native plugins compatible for Editor in 99.21 ms, found 1 plugins.
Preloading 0 native plugins for Editor in 0.00 ms.
Initialize engine version: 2020.3.3f1 (76626098c1c4)
[Subsystems] Discovering subsystems at path D:/Soft/Unity3d/2020.3.3f1/Editor/Data/Resources/UnitySubsystems
[Subsystems] Discovering subsystems at path D:/repository_platformer/New Unity Project/Assets
GfxDevice: creating device client; threaded=0
Direct3D:
    Version:  Direct3D 11.0 [level 11.1]
    Renderer: NVIDIA GeForce GTX 1060 3GB (ID=0x1c02)
    Vendor:   
    VRAM:     2988 MB
    Driver:   27.21.14.6109
Initialize mono
Mono path[0] = 'D:/Soft/Unity3d/2020.3.3f1/Editor/Data/Managed'
Mono path[1] = 'D:/Soft/Unity3d/2020.3.3f1/Editor/Data/MonoBleedingEdge/lib/mono/unityjit'
Mono config path = 'D:/Soft/Unity3d/2020.3.3f1/Editor/Data/MonoBleedingEdge/etc'
Using monoOptions --debugger-agent=transport=dt_socket,embedding=1,server=y,suspend=n,address=127.0.0.1:56484
Begin MonoManager ReloadAssembly
Registering precompiled unity dll's ...
Register platform support module: D:/Soft/Unity3d/2020.3.3f1/Editor/Data/PlaybackEngines/WindowsStandaloneSupport/UnityEditor.WindowsStandalone.Extensions.dll
Registered in 0.002760 seconds.
Native extension for WindowsStandalone target not found
Refreshing native plugins compatible for Editor in 104.11 ms, found 1 plugins.
Preloading 0 native plugins for Editor in 0.00 ms.
Invoked RoslynAnalysisRunner static constructor.
RoslynAnalysisRunner will not be running.
RoslynAnalysisRunner has terminated.
Mono: successfully reloaded assembly
- Completed reload, in  2.821 seconds
Platform modules already initialized, skipping
Registering precompiled user dll's ...
Registered in 0.002173 seconds.
Begin MonoManager ReloadAssembly
Native extension for WindowsStandalone target not found
Refreshing native plugins compatible for Editor in 101.44 ms, found 1 plugins.
Preloading 0 native plugins for Editor in 0.00 ms.
Invoked RoslynAnalysisRunner static constructor.
RoslynAnalysisRunner will not be running.
RoslynAnalysisRunner has terminated.
Mono: successfully reloaded assembly
- Completed reload, in  1.764 seconds
Platform modules already initialized, skipping
========================================================================
Worker process is ready to serve import requests
Launched and connected shader compiler UnityShaderCompiler.exe after 0.05 seconds
Refreshing native plugins compatible for Editor in 0.75 ms, found 1 plugins.
Preloading 0 native plugins for Editor in 0.00 ms.
Unloading 2319 Unused Serialized files (Serialized files now loaded: 0)
System memory in use before: 106.7 MB.
System memory in use after: 106.8 MB.

Unloading 26 unused Assets to reduce memory usage. Loaded Objects now: 2761.
Total: 3.230800 ms (FindLiveObjects: 0.271700 ms CreateObjectMapping: 0.162600 ms MarkObjects: 2.588400 ms  DeleteObjects: 0.206300 ms)

========================================================================
Received Import Request.
  path: Assets/Character/Sprites/PlayerIdle.png
  artifactKey: Guid(ba86c7b200abe499cb750833482830b3) Importer(815301076,1909f56bfc062723c751e8b465ee728b)
Start importing Assets/Character/Sprites/PlayerIdle.png using Guid(ba86c7b200abe499cb750833482830b3) Importer(815301076,1909f56bfc062723c751e8b465ee728b)  -> (artifact id: '417e5969e7247047b7162e6a1c9661c7') in 0.318127 seconds
  Import took 0.323603 seconds .

========================================================================
Received Import Request.
  Time since last request: 0.000349 seconds.
  path: Assets/Character/Sprites/PlayerLand.png
  artifactKey: Guid(e0d1e122a29a24ec19a2b23782952411) Importer(815301076,1909f56bfc062723c751e8b465ee728b)
Start importing Assets/Character/Sprites/PlayerLand.png using Guid(e0d1e122a29a24ec19a2b23782952411) Importer(815301076,1909f56bfc062723c751e8b465ee728b)  -> (artifact id: 'a69445c33717ee02f8f7ce10c5371af1') in 0.037235 seconds
  Import took 0.042106 seconds .

========================================================================
Received Import Request.
  Time since last request: 0.000275 seconds.
  path: Assets/Character/Sprites/PlayerSpawn.png
  artifactKey: Guid(1a4bd6d8b694c4f65869fe4d44a0198b) Importer(815301076,1909f56bfc062723c751e8b465ee728b)
Start importing Assets/Character/Sprites/PlayerSpawn.png using Guid(1a4bd6d8b694c4f65869fe4d44a0198b) Importer(815301076,1909f56bfc062723c751e8b465ee728b)  -> (artifact id: 'f088441f60b46b011d29aed08a1abc5d') in 0.076127 seconds
  Import took 0.081151 seconds .

========================================================================
Received Import Request.
  Time since last request: 0.000284 seconds.
  path: Assets/Character/Sprites/PlayerVictory.png
  artifactKey: Guid(591161ddccde24e77bc04c29ec2742eb) Importer(815301076,1909f56bfc062723c751e8b465ee728b)
Start importing Assets/Character/Sprites/PlayerVictory.png using Guid(591161ddccde24e77bc04c29ec2742eb) Importer(815301076,1909f56bfc062723c751e8b465ee728b)  -> (artifact id: '4138a814491feb9f8d976220e3ffd96e') in 0.063122 seconds
  Import took 0.068052 seconds .

========================================================================
Received Import Request.
  Time since last request: 0.000334 seconds.
  path: Assets/Character/Sprites/EnemyIdle.png
  artifactKey: Guid(fe68c6e1242e94a9eab222e1f49440ff) Importer(815301076,1909f56bfc062723c751e8b465ee728b)
Start importing Assets/Character/Sprites/EnemyIdle.png using Guid(fe68c6e1242e94a9eab222e1f49440ff) Importer(815301076,1909f56bfc062723c751e8b465ee728b)  -> (artifact id: '998e64cb85f9b4cbfffa3dc461adab31') in 0.155495 seconds
  Import took 0.160907 seconds .

========================================================================
Received Import Request.
  Time since last request: 0.000287 seconds.
  path: Assets/Character/Sprites/TokenSpin.png
  artifactKey: Guid(c36b0e54a8d8340759ab2f1394787f1f) Importer(815301076,1909f56bfc062723c751e8b465ee728b)
Start importing Assets/Character/Sprites/TokenSpin.png using Guid(c36b0e54a8d8340759ab2f1394787f1f) Importer(815301076,1909f56bfc062723c751e8b465ee728b)  -> (artifact id: '1da2421663f3ffe22864c3f05d14ffce') in 0.063520 seconds
  Import took 0.068430 seconds .

========================================================================
Received Import Request.
  Time since last request: 0.000282 seconds.
  path: Assets/Character/Sprites/Mr.Alien.png
  artifactKey: Guid(443583d5024ec0b46889a8bed11f2d5d) Importer(815301076,1909f56bfc062723c751e8b465ee728b)
Start importing Assets/Character/Sprites/Mr.Alien.png using Guid(443583d5024ec0b46889a8bed11f2d5d) Importer(815301076,1909f56bfc062723c751e8b465ee728b)  -> (artifact id: 'dc92ec027d514bdb2e0c2f568c4086a5') in 0.030816 seconds
  Import took 0.036115 seconds .

========================================================================
Received Import Request.
  Time since last request: 0.000301 seconds.
  path: Assets/Character/Sprites/PlayerJump.png
  artifactKey: Guid(f43044f34a0b7424eb5deb0c04ff27c7) Importer(815301076,1909f56bfc062723c751e8b465ee728b)
Start importing Assets/Character/Sprites/PlayerJump.png using Guid(f43044f34a0b7424eb5deb0c04ff27c7) Importer(815301076,1909f56bfc062723c751e8b465ee728b)  -> (artifact id: '37dd6eacb891b7799dd4725832c60dfd') in 0.161436 seconds
  Import took 0.166557 seconds .

========================================================================
Received Import Request.
  Time since last request: 0.000392 seconds.
  path: Assets/Character/Sprites/EnemyRun.png
  artifactKey: Guid(38c1b0996c8e0457eb88644b8cb126f3) Importer(815301076,1909f56bfc062723c751e8b465ee728b)
Start importing Assets/Character/Sprites/EnemyRun.png using Guid(38c1b0996c8e0457eb88644b8cb126f3) Importer(815301076,1909f56bfc062723c751e8b465ee728b)  -> (artifact id: '94f4878ae8c7d0ec622a1fef2fbc5d37') in 0.055768 seconds
  Import took 0.060626 seconds .

========================================================================
Received Import Request.
  Time since last request: 0.000296 seconds.
  path: Assets/Character/Sprites/PlayerRun.png
  artifactKey: Guid(225a1eacac9dc41ae9a4d6adf7df8d40) Importer(815301076,1909f56bfc062723c751e8b465ee728b)
Start importing Assets/Character/Sprites/PlayerRun.png using Guid(225a1eacac9dc41ae9a4d6adf7df8d40) Importer(815301076,1909f56bfc062723c751e8b465ee728b)  -> (artifact id: '0e426c185ed585efbbc422b5f9dc0ba2') in 0.095236 seconds
  Import took 0.100350 seconds .

========================================================================
Received Import Request.
  Time since last request: 0.000286 seconds.
  path: Assets/Character/Sprites/EnemyRun.png
  artifactKey: Guid(38c1b0996c8e0457eb88644b8cb126f3) Importer(815301076,1909f56bfc062723c751e8b465ee728b)
Start importing Assets/Character/Sprites/EnemyRun.png using Guid(38c1b0996c8e0457eb88644b8cb126f3) Importer(815301076,1909f56bfc062723c751e8b465ee728b)  -> (artifact id: '94f4878ae8c7d0ec622a1fef2fbc5d37') in 0.055298 seconds
  Import took 0.060074 seconds .

========================================================================
Received Import Request.
  Time since last request: 0.000333 seconds.
  path: Assets/Character/Sprites/TokenCollected.png
  artifactKey: Guid(d7f3ba40c95624407a79329e1af8b953) Importer(815301076,1909f56bfc062723c751e8b465ee728b)
Start importing Assets/Character/Sprites/TokenCollected.png using Guid(d7f3ba40c95624407a79329e1af8b953) Importer(815301076,1909f56bfc062723c751e8b465ee728b)  -> (artifact id: '33d588f77ae8c2b2fac4951c9f939754') in 0.040154 seconds
  Import took 0.045165 seconds .

========================================================================
Received Import Request.
  Time since last request: 0.000333 seconds.
  path: Assets/Character/Sprites/PlayerHurt.png
  artifactKey: Guid(e1c7748eb9afd4e608ce8f923cf861dc) Importer(815301076,1909f56bfc062723c751e8b465ee728b)
Start importing Assets/Character/Sprites/PlayerHurt.png using Guid(e1c7748eb9afd4e608ce8f923cf861dc) Importer(815301076,1909f56bfc062723c751e8b465ee728b)  -> (artifact id: 'a363fbc86c9025e106342515b058b0c7') in 0.046982 seconds
  Import took 0.051911 seconds .

========================================================================
Received Import Request.
  Time since last request: 0.000302 seconds.
  path: Assets/Character/Sprites/EnemyHurt.png
  artifactKey: Guid(93c828a03eeb34779a4373e83c7e1bcc) Importer(815301076,1909f56bfc062723c751e8b465ee728b)
Start importing Assets/Character/Sprites/EnemyHurt.png using Guid(93c828a03eeb34779a4373e83c7e1bcc) Importer(815301076,1909f56bfc062723c751e8b465ee728b)  -> (artifact id: 'd15dd895df8f9696ab553dd7eb41103c') in 0.038964 seconds
  Import took 0.043846 seconds .

========================================================================
Received Import Request.
  Time since last request: 0.000270 seconds.
  path: Assets/Character/Sprites/PlayerDeath.png
  artifactKey: Guid(75b38086a902846edbae786183b0274d) Importer(815301076,1909f56bfc062723c751e8b465ee728b)
Start importing Assets/Character/Sprites/PlayerDeath.png using Guid(75b38086a902846edbae786183b0274d) Importer(815301076,1909f56bfc062723c751e8b465ee728b)  -> (artifact id: '1070d905f30dc1d3b197f7426d8728cf') in 0.056273 seconds
  Import took 0.061155 seconds .

========================================================================
Received Import Request.
  Time since last request: 0.000316 seconds.
  path: Assets/Character/Sprites/EnemyDeath.png
  artifactKey: Guid(0d22f52a800554566bb7a5bd62041458) Importer(815301076,1909f56bfc062723c751e8b465ee728b)
Start importing Assets/Character/Sprites/EnemyDeath.png using Guid(0d22f52a800554566bb7a5bd62041458) Importer(815301076,1909f56bfc062723c751e8b465ee728b)  -> (artifact id: '97c50fef3919f048fd86b80caac1c231') in 0.036500 seconds
  Import took 0.041454 seconds .

========================================================================
Received Prepare
Registering precompiled user dll's ...
Registered in 0.002167 seconds.
Begin MonoManager ReloadAssembly
Native extension for WindowsStandalone target not found
Refreshing native plugins compatible for Editor in 0.73 ms, found 1 plugins.
Preloading 0 native plugins for Editor in 0.00 ms.
Invoked RoslynAnalysisRunner static constructor.
RoslynAnalysisRunner will not be running.
RoslynAnalysisRunner has terminated.
Mono: successfully reloaded assembly
- Completed reload, in  1.558 seconds
Platform modules already initialized, skipping
Refreshing native plugins compatible for Editor in 0.75 ms, found 1 plugins.
Preloading 0 native plugins for Editor in 0.00 ms.
Unloading 2273 Unused Serialized files (Serialized files now loaded: 0)
System memory in use before: 105.9 MB.
System memory in use after: 106.0 MB.

Unloading 14 unused Assets to reduce memory usage. Loaded Objects now: 2780.
Total: 3.093600 ms (FindLiveObjects: 0.263000 ms CreateObjectMapping: 0.155300 ms MarkObjects: 2.511800 ms  DeleteObjects: 0.162100 ms)

AssetImportWorkerClient::OnTransportError - code=2 error=End of file
